<?xml version="1.0" encoding="UTF-8"?>
<testsuite xmlns:xsi="http://www.w3.org/2001/XMLSchema-instance" xsi:schemaLocation="https://maven.apache.org/surefire/maven-surefire-plugin/xsd/surefire-test-report.xsd" name="es.codeurjc.test.ejem.PiratesURJCTest" time="0.348" tests="10" errors="0" skipped="0" failures="1">
  <properties>
    <property name="java.runtime.name" value="OpenJDK Runtime Environment"/>
    <property name="java.vm.version" value="17.0.10+7"/>
    <property name="sun.boot.library.path" value="/Users/loretouzquiano/.sdkman/candidates/java/17.0.10-tem/lib"/>
    <property name="maven.multiModuleProjectDirectory" value="/Users/loretouzquiano/Documents/UNIVERSIDAD/TERCER CURSO/Segundo Cuatrimestre/Ampliación Ingeniería del Software/PRÁCTICA 3/l.uzquiano.2021"/>
    <property name="java.vm.vendor" value="Eclipse Adoptium"/>
    <property name="java.vendor.url" value="https://adoptium.net/"/>
    <property name="guice.disable.misplaced.annotation.check" value="true"/>
    <property name="path.separator" value=":"/>
    <property name="java.vm.name" value="OpenJDK 64-Bit Server VM"/>
    <property name="user.country" value="ES"/>
    <property name="sun.java.launcher" value="SUN_STANDARD"/>
    <property name="java.vm.specification.name" value="Java Virtual Machine Specification"/>
    <property name="user.dir" value="/Users/loretouzquiano/Documents/UNIVERSIDAD/TERCER CURSO/Segundo Cuatrimestre/Ampliación Ingeniería del Software/PRÁCTICA 3/l.uzquiano.2021"/>
    <property name="java.vm.compressedOopsMode" value="Zero based"/>
    <property name="java.runtime.version" value="17.0.10+7"/>
    <property name="os.arch" value="x86_64"/>
    <property name="java.io.tmpdir" value="/var/folders/10/6c4j83f137vd48bkryvsw0w00000gn/T/"/>
    <property name="line.separator" value="&#10;"/>
    <property name="java.vm.specification.vendor" value="Oracle Corporation"/>
    <property name="os.name" value="Mac OS X"/>
    <property name="classworlds.conf" value="/Users/loretouzquiano/apache-maven-3.9.6/bin/m2.conf"/>
    <property name="sun.jnu.encoding" value="UTF-8"/>
    <property name="java.library.path" value="/Users/loretouzquiano/Library/Java/Extensions:/Library/Java/Extensions:/Network/Library/Java/Extensions:/System/Library/Java/Extensions:/usr/lib/java:."/>
    <property name="maven.conf" value="/Users/loretouzquiano/apache-maven-3.9.6/conf"/>
    <property name="jdk.debug" value="release"/>
    <property name="java.class.version" value="61.0"/>
    <property name="java.specification.name" value="Java Platform API Specification"/>
    <property name="sun.management.compiler" value="HotSpot 64-Bit Tiered Compilers"/>
    <property name="os.version" value="14.4"/>
    <property name="library.jansi.path" value="/Users/loretouzquiano/apache-maven-3.9.6/lib/jansi-native"/>
    <property name="user.home" value="/Users/loretouzquiano"/>
    <property name="user.timezone" value="Europe/Madrid"/>
    <property name="file.encoding" value="UTF-8"/>
    <property name="java.specification.version" value="17"/>
    <property name="user.name" value="loretouzquiano"/>
    <property name="java.class.path" value="/Users/loretouzquiano/apache-maven-3.9.6/boot/plexus-classworlds-2.7.0.jar"/>
    <property name="java.vm.specification.version" value="17"/>
    <property name="sun.arch.data.model" value="64"/>
    <property name="sun.java.command" value="org.codehaus.plexus.classworlds.launcher.Launcher test"/>
    <property name="java.home" value="/Users/loretouzquiano/.sdkman/candidates/java/17.0.10-tem"/>
    <property name="user.language" value="es"/>
    <property name="java.specification.vendor" value="Oracle Corporation"/>
    <property name="java.vm.info" value="mixed mode"/>
    <property name="java.version" value="17.0.10"/>
    <property name="native.encoding" value="UTF-8"/>
    <property name="java.vendor" value="Eclipse Adoptium"/>
    <property name="sun.stderr.encoding" value="UTF-8"/>
    <property name="maven.home" value="/Users/loretouzquiano/apache-maven-3.9.6"/>
    <property name="file.separator" value="/"/>
    <property name="java.version.date" value="2024-01-16"/>
    <property name="java.vendor.url.bug" value="https://github.com/adoptium/adoptium-support/issues"/>
    <property name="sun.io.unicode.encoding" value="UnicodeBig"/>
    <property name="sun.cpu.endian" value="little"/>
    <property name="java.vendor.version" value="Temurin-17.0.10+7"/>
    <property name="sun.stdout.encoding" value="UTF-8"/>
  </properties>
  <testcase name="test" classname="test(String, String)" time="0.065"/>
  <testcase name="test" classname="test(String, String)" time="0"/>
  <testcase name="test" classname="test(String, String)" time="0.001"/>
  <testcase name="test" classname="test(String, String)" time="0.002"/>
  <testcase name="test" classname="test(String, String)" time="0.001"/>
  <testcase name="test" classname="test(String, String)" time="0.001"/>
  <testcase name="test" classname="test(String, String)" time="0.001"/>
  <testcase name="test" classname="test(String, String)" time="0.001"/>
  <testcase name="test" classname="test(String, String)" time="0.001"/>
  <testcase name="test" classname="test(String, String)" time="0.014">
    <failure message="expected: &lt;Gana jugador 2&gt; but was: &lt;Gana jugador 3&gt;" type="org.opentest4j.AssertionFailedError"><![CDATA[org.opentest4j.AssertionFailedError: expected: <Gana jugador 2> but was: <Gana jugador 3>
	at es.codeurjc.test.ejem.PiratesURJCTest.test(PiratesURJCTest.java:56)
]]></failure>
  </testcase>
</testsuite>